2024-02-24 14:03:27,573 :: hello_bot :: <module>:26 :: INFO :: Бот начал работу
2024-02-24 14:04:05,083 :: hello_bot :: get_start:12 :: INFO :: Пользователь alexxcpa попал в бота
2024-02-24 14:05:08,307 :: hello_bot :: <module>:26 :: INFO :: Бот начал работу
2024-02-24 14:06:50,055 :: hello_bot :: get_start:12 :: INFO :: Пользователь alexxcpa попал в бота
2024-02-24 14:07:39,833 :: hello_bot :: get_start:12 :: INFO :: Пользователь alexxcpa попал в бота
2024-02-24 14:12:14,952 :: hello_bot :: <module>:26 :: INFO :: Бот начал работу
2024-02-24 14:12:20,930 :: hello_bot :: get_start:12 :: INFO :: Пользователь suppleadmagnet попал в бота
2024-02-24 14:13:05,293 :: hello_bot :: <module>:26 :: INFO :: Бот начал работу
2024-02-24 14:13:28,884 :: hello_bot :: get_start:12 :: INFO :: Пользователь None попал в бота
2024-02-24 14:18:24,342 :: hello_bot :: <module>:27 :: INFO :: Бот начал работу
2024-02-24 14:18:27,264 :: hello_bot :: get_start:12 :: INFO :: Пользователь None попал в бота
2024-02-24 14:31:04,027 :: hello_bot :: <module>:27 :: INFO :: Бот начал работу
2024-02-24 14:31:14,531 :: hello_bot :: get_start:12 :: INFO :: Пользователь alexxcpa попал в бота
2024-02-24 14:39:30,110 :: hello_bot :: <module>:27 :: INFO :: Бот начал работу
2024-02-24 14:39:34,655 :: hello_bot :: get_start:12 :: INFO :: Пользователь alexxcpa попал в бота
2024-02-24 14:39:54,379 :: hello_bot :: <module>:27 :: INFO :: Бот начал работу
2024-02-24 14:40:01,867 :: hello_bot :: get_start:12 :: INFO :: Пользователь alexxcpa попал в бота
2024-02-24 14:40:32,102 :: hello_bot :: <module>:27 :: INFO :: Бот начал работу
2024-02-24 14:40:35,923 :: hello_bot :: get_start:12 :: INFO :: Пользователь alexxcpa попал в бота
2024-02-24 14:42:22,297 :: hello_bot :: <module>:27 :: INFO :: Бот начал работу
2024-02-24 14:42:28,688 :: hello_bot :: get_start:12 :: INFO :: Пользователь alexxcpa попал в бота
2024-02-24 14:48:12,927 :: hello_bot :: <module>:30 :: INFO :: Бот начал работу
2024-02-24 14:48:23,452 :: hello_bot :: get_start:11 :: INFO :: Пользователь alexxcpa попал в бота
2024-02-24 14:48:29,020 :: hello_bot :: get_start:11 :: INFO :: Пользователь alexxcpa попал в бота
2024-02-24 14:50:49,923 :: hello_bot :: <module>:30 :: INFO :: Бот начал работу
2024-02-24 14:50:54,893 :: hello_bot :: get_start:17 :: INFO :: Пользователь alexxcpa снова нажал кнопку старт 
2024-02-24 14:52:39,385 :: hello_bot :: get_start:14 :: INFO :: Пользователь suppleadmagnet попал в бота
2024-02-24 14:52:39,750 :: hello_bot :: get_start:17 :: INFO :: Пользователь suppleadmagnet снова нажал кнопку старт 
2024-02-24 14:52:41,643 :: hello_bot :: get_start:17 :: INFO :: Пользователь suppleadmagnet снова нажал кнопку старт 
2024-02-24 14:53:02,067 :: hello_bot :: get_start:14 :: INFO :: Пользователь None попал в бота
2024-02-24 14:53:02,379 :: hello_bot :: get_start:17 :: INFO :: Пользователь None снова нажал кнопку старт 
2024-02-24 14:54:04,350 :: hello_bot :: <module>:31 :: INFO :: Бот начал работу
2024-02-24 14:54:38,609 :: hello_bot :: get_start:14 :: INFO :: Пользователь None попал в бота
2024-02-24 14:54:45,855 :: hello_bot :: get_start:18 :: INFO :: Пользователь None снова нажал кнопку старт 
2024-02-24 14:54:47,931 :: hello_bot :: get_start:18 :: INFO :: Пользователь None снова нажал кнопку старт 
2024-02-24 14:54:49,630 :: hello_bot :: get_start:18 :: INFO :: Пользователь None снова нажал кнопку старт 
2024-02-24 14:55:37,363 :: hello_bot :: <module>:31 :: INFO :: Бот начал работу
2024-02-24 14:55:41,267 :: hello_bot :: get_start:18 :: INFO :: Пользователь None снова нажал кнопку старт 
2024-02-24 14:55:49,594 :: hello_bot :: get_start:14 :: INFO :: Пользователь alexxcpa попал в бота
2024-02-24 15:08:08,767 :: hello_bot :: <module>:31 :: INFO :: Бот начал работу
2024-02-24 15:09:11,457 :: hello_bot :: get_start:14 :: INFO :: Пользователь alexxcpa попал в бота
2024-02-24 15:09:28,535 :: hello_bot :: get_start:18 :: INFO :: Пользователь alexxcpa снова нажал кнопку старт 
2024-02-24 15:09:30,346 :: hello_bot :: get_start:18 :: INFO :: Пользователь alexxcpa снова нажал кнопку старт 

2024-08-31 14:37:25,805 :: hello_bot :: <module>:31 :: INFO :: Бот начал работу
2024-08-31 14:37:40,808 :: hello_bot :: get_start:14 :: INFO :: Пользователь suppleadmagnet попал в бота
2024-08-31 14:37:47,608 :: hello_bot :: get_start:18 :: INFO :: Пользователь suppleadmagnet снова нажал кнопку старт 
2024-09-01 13:32:55,957 :: hello_bot :: <module>:31 :: INFO :: Бот начал работу
2024-09-01 13:32:56,570 :: hello_bot :: get_start:14 :: INFO :: Пользователь suppleadmagnet попал в бота
2024-09-01 13:35:32,268 :: hello_bot :: <module>:35 :: INFO :: Бот начал работу
2024-09-01 13:35:35,190 :: hello_bot :: get_start:13 :: INFO :: Пользователь suppleadmagnet попал в бота
2024-09-01 13:35:37,675 :: hello_bot :: get_start:13 :: INFO :: Пользователь suppleadmagnet попал в бота
2024-09-01 13:35:40,140 :: hello_bot :: get_start:13 :: INFO :: Пользователь suppleadmagnet попал в бота
2024-09-01 13:35:53,677 :: hello_bot :: get_start:13 :: INFO :: Пользователь suppleadmagnet попал в бота
2024-09-01 13:36:55,221 :: hello_bot :: <module>:35 :: INFO :: Бот начал работу
2024-09-01 13:36:57,491 :: hello_bot :: get_start:13 :: INFO :: Пользователь suppleadmagnet попал в бота
2024-09-01 13:38:02,439 :: hello_bot :: <module>:35 :: INFO :: Бот начал работу
2024-09-01 13:38:05,927 :: hello_bot :: get_start:13 :: INFO :: Пользователь suppleadmagnet попал в бота
2024-09-01 13:38:16,316 :: hello_bot :: <module>:35 :: INFO :: Бот начал работу
2024-09-01 13:38:18,127 :: hello_bot :: get_start:13 :: INFO :: Пользователь suppleadmagnet попал в бота
2024-09-01 13:39:54,612 :: hello_bot :: <module>:35 :: INFO :: Бот начал работу
2024-09-01 13:39:56,716 :: hello_bot :: get_start:13 :: INFO :: Пользователь suppleadmagnet попал в бота
2024-09-01 13:41:08,788 :: hello_bot :: <module>:35 :: INFO :: Бот начал работу
2024-09-01 13:41:11,047 :: hello_bot :: get_start:13 :: INFO :: Пользователь suppleadmagnet попал в бота
2024-09-01 13:43:29,916 :: hello_bot :: <module>:35 :: INFO :: Бот начал работу
2024-09-01 13:43:31,126 :: hello_bot :: get_start:13 :: INFO :: Пользователь suppleadmagnet попал в бота
2024-09-01 13:47:42,098 :: hello_bot :: <module>:35 :: INFO :: Бот начал работу
2024-09-01 13:47:44,365 :: hello_bot :: get_start:13 :: INFO :: Пользователь suppleadmagnet попал в бота
2024-09-01 13:49:35,767 :: hello_bot :: <module>:36 :: INFO :: Бот начал работу
2024-09-01 13:49:38,518 :: hello_bot :: get_start:14 :: INFO :: Пользователь suppleadmagnet попал в бота
2024-09-01 13:50:21,338 :: hello_bot :: <module>:36 :: INFO :: Бот начал работу
2024-09-01 13:50:25,745 :: hello_bot :: get_start:14 :: INFO :: Пользователь suppleadmagnet попал в бота
2024-09-01 13:51:37,348 :: hello_bot :: <module>:36 :: INFO :: Бот начал работу
2024-09-01 13:51:38,271 :: hello_bot :: get_start:14 :: INFO :: Пользователь suppleadmagnet попал в бота
2024-09-01 13:54:51,971 :: hello_bot :: get_start:14 :: INFO :: Пользователь suppleadmagnet попал в бота
2024-09-01 14:04:51,580 :: hello_bot :: get_start:14 :: INFO :: Пользователь suppleadmagnet попал в бота
2024-09-01 14:19:20,121 :: hello_bot :: <module>:44 :: INFO :: Бот начал работу
2024-09-01 14:19:22,755 :: hello_bot :: get_start:14 :: INFO :: Пользователь suppleadmagnet попал в бота
2024-09-01 14:19:46,573 :: hello_bot :: get_start:14 :: INFO :: Пользователь suppleadmagnet попал в бота
2024-09-01 14:21:25,427 :: hello_bot :: <module>:44 :: INFO :: Бот начал работу
2024-09-01 14:21:30,201 :: hello_bot :: get_start:14 :: INFO :: Пользователь suppleadmagnet попал в бота
2024-09-01 14:21:36,504 :: hello_bot :: get_start:14 :: INFO :: Пользователь suppleadmagnet попал в бота
2024-09-01 14:21:46,912 :: hello_bot :: get_start:14 :: INFO :: Пользователь suppleadmagnet попал в бота
2024-09-01 14:22:08,572 :: hello_bot :: get_start:14 :: INFO :: Пользователь suppleadmagnet попал в бота
2024-09-01 14:22:13,172 :: hello_bot :: <module>:44 :: INFO :: Бот начал работу
2024-09-01 14:22:14,125 :: hello_bot :: get_start:14 :: INFO :: Пользователь suppleadmagnet попал в бота
2024-09-01 14:22:19,389 :: hello_bot :: <module>:44 :: INFO :: Бот начал работу
2024-09-01 14:22:23,915 :: hello_bot :: get_start:14 :: INFO :: Пользователь suppleadmagnet попал в бота
2024-09-01 14:22:46,468 :: hello_bot :: <module>:44 :: INFO :: Бот начал работу
2024-09-01 14:22:49,492 :: hello_bot :: get_start:14 :: INFO :: Пользователь suppleadmagnet попал в бота
2024-09-01 14:22:56,624 :: hello_bot :: get_start:14 :: INFO :: Пользователь suppleadmagnet попал в бота
2024-09-01 14:23:51,411 :: hello_bot :: get_start:14 :: INFO :: Пользователь suppleadmagnet попал в бота
2024-09-01 14:53:24,384 :: hello_bot :: get_start:14 :: INFO :: Пользователь suppleadmagnet попал в бота
2024-09-01 15:08:14,922 :: hello_bot :: <module>:44 :: INFO :: Бот начал работу
2024-09-01 15:09:04,866 :: hello_bot :: get_start:15 :: INFO :: Пользователь suppleadmagnet попал в бота
2024-09-01 15:09:43,191 :: hello_bot :: <module>:44 :: INFO :: Бот начал работу
2024-09-01 15:09:55,429 :: hello_bot :: get_start:15 :: INFO :: Пользователь suppleadmagnet попал в бота
2024-09-01 15:12:57,866 :: hello_bot :: get_start:15 :: INFO :: Пользователь suppleadmagnet попал в бота
2024-09-01 15:13:52,937 :: hello_bot :: get_start:15 :: INFO :: Пользователь suppleadmagnet попал в бота
2024-09-01 15:14:22,158 :: hello_bot :: <module>:46 :: INFO :: Бот начал работу
2024-09-01 15:14:29,166 :: hello_bot :: get_start:15 :: INFO :: Пользователь suppleadmagnet попал в бота
2024-09-01 15:15:08,400 :: hello_bot :: <module>:46 :: INFO :: Бот начал работу
2024-09-01 15:15:10,851 :: hello_bot :: get_start:15 :: INFO :: Пользователь suppleadmagnet попал в бота
2024-09-01 15:16:51,277 :: hello_bot :: get_start:15 :: INFO :: Пользователь suppleadmagnet попал в бота
2024-09-01 15:17:21,675 :: hello_bot :: <module>:46 :: INFO :: Бот начал работу
2024-09-01 15:17:26,515 :: hello_bot :: get_start:15 :: INFO :: Пользователь suppleadmagnet попал в бота
2024-09-01 15:19:35,689 :: hello_bot :: get_start:15 :: INFO :: Пользователь suppleadmagnet попал в бота
2024-09-01 15:20:54,632 :: hello_bot :: get_start:15 :: INFO :: Пользователь suppleadmagnet попал в бота
2024-09-01 15:21:04,491 :: hello_bot :: get_start:15 :: INFO :: Пользователь suppleadmagnet попал в бота
2024-09-01 15:21:34,747 :: hello_bot :: <module>:45 :: INFO :: Бот начал работу
2024-09-01 15:21:36,791 :: hello_bot :: get_start:15 :: INFO :: Пользователь suppleadmagnet попал в бота
2024-09-01 15:22:04,939 :: hello_bot :: <module>:46 :: INFO :: Бот начал работу
2024-09-01 15:22:07,137 :: hello_bot :: get_start:15 :: INFO :: Пользователь suppleadmagnet попал в бота
2024-09-01 15:22:59,894 :: hello_bot :: get_start:15 :: INFO :: Пользователь suppleadmagnet попал в бота
2024-09-01 15:23:16,601 :: hello_bot :: <module>:47 :: INFO :: Бот начал работу
2024-09-01 15:23:17,617 :: hello_bot :: get_start:15 :: INFO :: Пользователь suppleadmagnet попал в бота
2024-09-17 19:08:36,572 :: hello_bot :: <module>:53 :: INFO :: Бот начал работу
2024-09-17 19:08:46,068 :: hello_bot :: get_start:28 :: INFO :: Пользователь suppleadmagnet снова нажал кнопку старт 
2024-09-17 19:12:22,362 :: hello_bot :: <module>:52 :: INFO :: Бот начал работу
2024-09-17 19:12:26,182 :: hello_bot :: get_start:27 :: INFO :: Пользователь suppleadmagnet снова нажал кнопку старт
2024-09-17 19:15:03,048 :: hello_bot :: get_start:19 :: INFO :: Пользователь suppleadmagnet попал в бота
2024-09-17 19:24:10,120 :: hello_bot :: <module>:49 :: INFO :: Бот начал работу
2024-09-17 19:24:11,729 :: hello_bot :: get_start:19 :: INFO :: Пользователь suppleadmagnet попал в бота
2024-09-17 19:29:10,194 :: hello_bot :: <module>:49 :: INFO :: Бот начал работу
2024-09-17 19:29:40,780 :: hello_bot :: get_start:19 :: INFO :: Пользователь suppleadmagnet попал в бота
2024-09-17 19:35:32,184 :: hello_bot :: <module>:49 :: INFO :: Бот начал работу
2024-09-17 19:35:33,836 :: hello_bot :: get_start:21 :: INFO :: Пользователь suppleadmagnet попал в бота
2024-09-17 19:38:12,105 :: hello_bot :: get_start:21 :: INFO :: Пользователь suppleadmagnet попал в бота
2024-09-17 19:38:19,498 :: hello_bot :: <module>:50 :: INFO :: Бот начал работу
2024-09-17 19:38:28,011 :: hello_bot :: get_start:22 :: INFO :: Пользователь suppleadmagnet попал в бота
2024-09-17 19:39:24,606 :: hello_bot :: <module>:48 :: INFO :: Бот начал работу
2024-09-17 19:39:28,626 :: hello_bot :: get_start:23 :: INFO :: Пользователь suppleadmagnet попал в бота
2024-09-17 19:40:03,528 :: hello_bot :: <module>:48 :: INFO :: Бот начал работу
2024-09-17 19:40:11,158 :: hello_bot :: get_start:23 :: INFO :: Пользователь suppleadmagnet попал в бота
2024-09-17 19:41:10,388 :: hello_bot :: <module>:47 :: INFO :: Бот начал работу
2024-09-17 19:41:23,770 :: hello_bot :: get_start:22 :: INFO :: Пользователь suppleadmagnet попал в бота
2024-09-17 19:42:23,296 :: hello_bot :: <module>:48 :: INFO :: Бот начал работу
2024-09-17 19:42:26,592 :: hello_bot :: get_start:23 :: INFO :: Пользователь suppleadmagnet попал в бота
2024-09-17 19:49:08,211 :: hello_bot :: <module>:49 :: INFO :: Бот начал работу
2024-09-17 19:49:09,788 :: hello_bot :: get_start:22 :: INFO :: Пользователь suppleadmagnet попал в бота без привязки к аккаунту
2024-09-17 19:49:10,113 :: hello_bot :: get_start:24 :: INFO :: Пользователь suppleadmagnet попал в бота
2024-09-17 19:51:01,555 :: hello_bot :: <module>:50 :: INFO :: Бот начал работу
2024-09-17 19:51:03,292 :: hello_bot :: get_start:22 :: INFO :: Пользователь suppleadmagnet попал в бота без привязки к аккаунту
2024-09-17 19:51:54,221 :: hello_bot :: <module>:50 :: INFO :: Бот начал работу
2024-09-17 19:51:55,191 :: hello_bot :: get_start:22 :: INFO :: Пользователь suppleadmagnet попал в бота без привязки к аккаунту
2024-09-17 19:52:08,909 :: hello_bot :: <module>:50 :: INFO :: Бот начал работу
2024-09-17 19:52:10,115 :: hello_bot :: get_start:22 :: INFO :: Пользователь suppleadmagnet попал в бота без привязки к аккаунту
2024-09-17 20:37:17,706 :: hello_bot :: <module>:50 :: INFO :: Бот начал работу
2024-09-17 20:37:43,085 :: hello_bot :: get_start:24 :: INFO :: Пользователь suppleadmagnet попал в бота без привязки к аккаунту
2024-09-17 20:41:34,266 :: hello_bot :: <module>:55 :: INFO :: Бот начал работу
2024-09-17 20:41:39,206 :: hello_bot :: get_start:40 :: INFO :: Пользователь suppleadmagnet попал в бота c некорректным id
2024-09-17 20:42:14,134 :: hello_bot :: <module>:55 :: INFO :: Бот начал работу
2024-09-17 20:42:15,546 :: hello_bot :: get_start:24 :: INFO :: Пользователь suppleadmagnet попал в бота без привязки к аккаунту
2024-09-17 20:42:27,369 :: hello_bot :: get_start:40 :: INFO :: Пользователь suppleadmagnet попал в бота c некорректным id
2024-09-17 20:42:55,848 :: hello_bot :: <module>:55 :: INFO :: Бот начал работу
2024-09-17 20:43:03,629 :: hello_bot :: get_start:40 :: INFO :: Пользователь suppleadmagnet попал в бота c некорректным id
2024-09-17 20:45:49,051 :: hello_bot :: <module>:55 :: INFO :: Бот начал работу
2024-09-17 20:45:52,328 :: hello_bot :: get_start:24 :: INFO :: Пользователь suppleadmagnet попал в бота без привязки к аккаунту
2024-09-17 20:46:14,239 :: hello_bot :: get_start:40 :: INFO :: Пользователь suppleadmagnet попал в бота c некорректным id
2024-09-17 20:46:51,647 :: hello_bot :: <module>:55 :: INFO :: Бот начал работу
2024-09-17 20:46:57,386 :: hello_bot :: get_start:40 :: INFO :: Пользователь suppleadmagnet попал в бота c некорректным id
2024-09-17 20:49:46,034 :: hello_bot :: <module>:55 :: INFO :: Бот начал работу
2024-09-17 20:49:54,115 :: hello_bot :: get_start:40 :: INFO :: Пользователь suppleadmagnet попал в бота c некорректным id
2024-09-17 20:50:53,499 :: hello_bot :: get_start:24 :: INFO :: Пользователь suppleadmagnet попал в бота без привязки к аккаунту
2024-09-17 20:52:39,020 :: hello_bot :: get_start:40 :: INFO :: Пользователь suppleadmagnet попал в бота c некорректным id
2024-09-17 20:52:53,961 :: hello_bot :: get_start:40 :: INFO :: Пользователь suppleadmagnet попал в бота c некорректным id
2024-09-17 20:54:46,621 :: hello_bot :: <module>:56 :: INFO :: Бот начал работу
2024-09-17 20:54:48,240 :: hello_bot :: get_start:25 :: INFO :: Пользователь suppleadmagnet попал в бота без привязки к аккаунту
2024-09-17 20:54:54,911 :: hello_bot :: get_start:41 :: INFO :: Пользователь suppleadmagnet попал в бота c некорректным id
2024-09-17 20:55:28,166 :: hello_bot :: get_start:33 :: INFO :: Пользователь suppleadmagnet попал в бота
2024-09-17 20:57:30,819 :: hello_bot :: <module>:55 :: INFO :: Бот начал работу
2024-09-17 20:58:04,257 :: hello_bot :: get_start:27 :: INFO :: Пользователь suppleadmagnet попал в бота c некорректным id
2024-09-17 20:58:10,751 :: hello_bot :: get_start:24 :: INFO :: Пользователь suppleadmagnet попал в бота без привязки к аккаунту
2024-09-17 20:58:20,608 :: hello_bot :: get_start:32 :: INFO :: Пользователь suppleadmagnet попал в бота
2024-09-17 20:59:55,493 :: hello_bot :: <module>:55 :: INFO :: Бот начал работу
2024-09-17 21:00:18,748 :: hello_bot :: get_start:20 :: INFO :: Пользователь suppleadmagnet снова нажал кнопку старт
2024-09-17 21:00:44,038 :: hello_bot :: <module>:55 :: INFO :: Бот начал работу
2024-09-17 21:00:52,060 :: hello_bot :: get_start:32 :: INFO :: Пользователь suppleadmagnet попал в бота
2024-09-17 21:01:56,464 :: hello_bot :: <module>:55 :: INFO :: Бот начал работу
2024-09-17 21:01:59,011 :: hello_bot :: get_start:20 :: INFO :: Пользователь suppleadmagnet снова нажал кнопку старт
2024-09-17 21:02:19,761 :: hello_bot :: <module>:55 :: INFO :: Бот начал работу
2024-09-17 21:02:23,522 :: hello_bot :: get_start:24 :: INFO :: Пользователь suppleadmagnet попал в бота без привязки к аккаунту
2024-09-17 21:02:32,115 :: hello_bot :: get_start:32 :: INFO :: Пользователь suppleadmagnet попал в бота
2024-09-17 21:03:26,097 :: hello_bot :: <module>:55 :: INFO :: Бот начал работу
2024-09-17 21:03:37,856 :: hello_bot :: get_start:24 :: INFO :: Пользователь suppleadmagnet попал в бота без привязки к аккаунту
2024-09-17 21:03:48,095 :: hello_bot :: get_start:32 :: INFO :: Пользователь suppleadmagnet попал в бота
2024-09-17 21:04:19,101 :: hello_bot :: get_start:20 :: INFO :: Пользователь suppleadmagnet снова нажал кнопку старт
2024-09-17 21:39:38,587 :: hello_bot :: get_start:20 :: INFO :: Пользователь suppleadmagnet снова нажал кнопку старт
2024-09-18 22:33:39,768 :: hello_bot :: <module>:53 :: INFO :: Бот начал работу
2024-09-18 22:33:40,232 :: hello_bot :: get_start:18 :: INFO :: Пользователь suppleadmagnet снова нажал кнопку старт
2024-09-18 23:07:12,744 :: hello_bot :: <module>:64 :: INFO :: Бот начал работу
2024-09-18 23:07:41,810 :: hello_bot :: get_start:18 :: INFO :: Пользователь suppleadmagnet снова нажал кнопку старт
2024-09-18 23:08:01,115 :: hello_bot :: get_start:18 :: INFO :: Пользователь suppleadmagnet снова нажал кнопку старт
2024-09-18 23:10:51,531 :: hello_bot :: <module>:64 :: INFO :: Бот начал работу
2024-09-18 23:11:32,852 :: hello_bot :: <module>:64 :: INFO :: Бот начал работу
2024-09-18 23:11:34,661 :: hello_bot :: get_start:24 :: INFO :: Пользователь alexxcpa попал в бота без привязки к аккаунту
2024-09-18 23:41:41,917 :: hello_bot :: <module>:75 :: INFO :: Бот начал работу
2024-09-18 23:41:52,847 :: hello_bot :: get_start:19 :: INFO :: Пользователь alexxcpa попал в бота c привязкой к аккаунту
2024-09-18 23:42:37,249 :: hello_bot :: <module>:75 :: INFO :: Бот начал работу
2024-09-18 23:42:39,306 :: hello_bot :: <module>:75 :: INFO :: Бот начал работу
2024-09-18 23:43:00,834 :: hello_bot :: get_start:19 :: INFO :: Пользователь alexxcpa попал в бота c привязкой к аккаунту
2024-09-18 23:45:18,504 :: hello_bot :: <module>:77 :: INFO :: Бот начал работу
2024-09-18 23:45:19,818 :: hello_bot :: get_start:24 :: INFO :: Пользователь alexxcpa попал в бота без привязки к аккаунту
2024-09-18 23:50:23,212 :: hello_bot :: <module>:79 :: INFO :: Бот начал работу
2024-09-18 23:50:25,885 :: hello_bot :: get_start:26 :: INFO :: Пользователь alexxcpa попал в бота без привязки к аккаунту
2024-09-18 23:50:46,099 :: hello_bot :: get_start:23 :: INFO :: Пользователь suppleadmagnet попал в бота c привязкой к аккаунту
2024-09-18 23:51:12,586 :: hello_bot :: get_start:23 :: INFO :: Пользователь suppleadmagnet попал в бота c привязкой к аккаунту
2024-09-18 23:51:41,531 :: hello_bot :: get_start:23 :: INFO :: Пользователь suppleadmagnet попал в бота c привязкой к аккаунту
2024-09-18 23:53:07,398 :: hello_bot :: <module>:80 :: INFO :: Бот начал работу
2024-09-18 23:54:20,380 :: hello_bot :: <module>:79 :: INFO :: Бот начал работу
2024-09-18 23:54:23,425 :: hello_bot :: get_start:26 :: INFO :: Пользователь suppleadmagnet попал в бота без привязки к аккаунту
2024-09-18 23:54:44,445 :: hello_bot :: <module>:79 :: INFO :: Бот начал работу
2024-09-18 23:54:48,246 :: hello_bot :: get_start:26 :: INFO :: Пользователь suppleadmagnet попал в бота без привязки к аккаунту
2024-09-18 23:55:10,096 :: hello_bot :: <module>:79 :: INFO :: Бот начал работу
2024-09-18 23:55:13,507 :: hello_bot :: get_start:26 :: INFO :: Пользователь suppleadmagnet попал в бота без привязки к аккаунту
2024-09-18 23:55:34,627 :: hello_bot :: <module>:79 :: INFO :: Бот начал работу
2024-09-18 23:58:44,593 :: hello_bot :: <module>:83 :: INFO :: Бот начал работу
2024-09-18 23:59:20,514 :: hello_bot :: get_start:30 :: INFO :: Пользователь suppleadmagnet попал в бота без привязки к аккаунту
2024-09-19 00:00:13,671 :: hello_bot :: <module>:87 :: INFO :: Бот начал работу
2024-09-19 00:00:21,122 :: hello_bot :: get_start:30 :: INFO :: Пользователь suppleadmagnet попал в бота без привязки к аккаунту
2024-09-19 00:01:41,229 :: hello_bot :: <module>:87 :: INFO :: Бот начал работу
2024-09-19 00:01:43,309 :: hello_bot :: get_start:34 :: INFO :: Пользователь suppleadmagnet попал в бота без привязки к аккаунту
2024-09-19 00:01:52,995 :: hello_bot :: get_start:30 :: INFO :: Пользователь suppleadmagnet попал в бота без привязки к аккаунту
2024-09-19 00:03:20,879 :: hello_bot :: get_start:27 :: INFO :: Пользователь suppleadmagnet попал в бота без привязки к аккаунту
2024-09-19 00:03:22,636 :: hello_bot :: get_start:30 :: INFO :: Пользователь suppleadmagnet попал в бота без привязки к аккаунту
2024-09-19 00:03:29,850 :: hello_bot :: get_start:27 :: INFO :: Пользователь suppleadmagnet попал в бота без привязки к аккаунту
2024-09-19 00:03:30,029 :: hello_bot :: get_start:30 :: INFO :: Пользователь suppleadmagnet попал в бота без привязки к аккаунту
2024-09-19 00:03:57,737 :: hello_bot :: <module>:87 :: INFO :: Бот начал работу
2024-09-19 00:04:09,014 :: hello_bot :: get_start:27 :: INFO :: Пользователь suppleadmagnet попал в бота без привязки к аккаунту
2024-09-19 00:04:32,662 :: hello_bot :: get_start:30 :: INFO :: Пользователь suppleadmagnet попал в бота без привязки к аккаунту
2024-09-19 00:04:44,704 :: hello_bot :: get_start:24 :: INFO :: Пользователь suppleadmagnet попал в бота c привязкой к аккаунту
2024-09-19 14:51:51,344 :: hello_bot :: <module>:87 :: INFO :: Бот начал работу
2024-09-19 14:52:05,752 :: hello_bot :: get_start:34 :: INFO :: Пользователь suppleadmagnet попал в бота без привязки к аккаунту
2024-09-19 14:52:22,268 :: hello_bot :: get_start:24 :: INFO :: Пользователь suppleadmagnet попал в бота c привязкой к аккаунту
2024-09-19 14:54:16,591 :: hello_bot :: <module>:87 :: INFO :: Бот начал работу
2024-09-19 14:54:56,849 :: hello_bot :: get_start:30 :: INFO :: Пользователь suppleadmagnet попал в бота без привязки к аккаунту
2024-09-19 14:56:47,765 :: hello_bot :: get_start:30 :: INFO :: Пользователь suppleadmagnet попал в бота без привязки к аккаунту
2024-09-19 14:56:54,522 :: hello_bot :: <module>:87 :: INFO :: Бот начал работу
2024-09-19 14:56:59,775 :: hello_bot :: get_start:30 :: INFO :: Пользователь suppleadmagnet попал в бота без привязки к аккаунту
2024-09-19 14:57:43,518 :: hello_bot :: get_start:27 :: ERROR :: Ошибка! Пользователь suppleadmagnet попал в бота без привязки к аккаунту
2024-09-19 20:13:10,178 :: hello_bot :: <module>:98 :: INFO :: Бот начал работу
2024-09-19 20:13:17,220 :: hello_bot :: get_start:45 :: INFO :: Пользователь suppleadmagnet попал в бота без привязки к аккаунту
2024-09-19 20:37:41,415 :: hello_bot :: <module>:103 :: INFO :: Бот начал работу
2024-09-19 20:37:42,337 :: hello_bot :: get_start:27 :: INFO :: Пользователь suppleadmagnet попал в бота с привязанным аккаунтом
2024-09-19 20:39:27,786 :: hello_bot :: <module>:103 :: INFO :: Бот начал работу
2024-09-19 20:39:32,388 :: hello_bot :: get_start:27 :: INFO :: Пользователь suppleadmagnet попал в бота с привязанным аккаунтом
2024-09-19 20:39:52,027 :: hello_bot :: get_start:30 :: INFO :: Пользователь suppleadmagnet попал в бота c чужим id
2024-09-19 20:41:13,257 :: hello_bot :: get_start:46 :: INFO :: Пользователь suppleadmagnet попал в бота без привязки к аккаунту
2024-09-19 20:41:35,926 :: hello_bot :: get_start:43 :: ERROR :: Ошибка! Пользователь suppleadmagnet попал в бота без привязки к аккаунту
2024-09-19 20:41:43,114 :: hello_bot :: get_start:30 :: INFO :: Пользователь suppleadmagnet попал в бота c чужим id
2024-09-19 20:42:35,850 :: hello_bot :: get_start:27 :: INFO :: Пользователь suppleadmagnet попал в бота с привязанным аккаунтом
2024-09-19 20:43:07,314 :: hello_bot :: <module>:101 :: INFO :: Бот начал работу
2024-09-19 20:43:07,949 :: hello_bot :: get_start:48 :: INFO :: Пользователь suppleadmagnet попал в бота без привязки к аккаунту
2024-09-19 20:43:39,422 :: hello_bot :: get_start:25 :: INFO :: Пользователь suppleadmagnet попал в бота с привязанным аккаунтом
2024-09-19 20:44:00,394 :: hello_bot :: get_start:28 :: INFO :: Пользователь suppleadmagnet попал в бота c чужим id
2024-09-19 20:45:43,970 :: hello_bot :: get_start:32 :: INFO :: Пользователь suppleadmagnet впервые попал в бота
2024-09-19 20:50:49,770 :: hello_bot :: <module>:63 :: INFO :: Бот начал работу
2024-09-19 21:07:46,022 :: hello_bot :: <module>:68 :: INFO :: Бот начал работу
2024-09-19 21:56:13,587 :: hello_bot :: <module>:24 :: INFO :: Бот начал работу
2024-09-19 21:56:27,714 :: hello_bot :: get_start:47 :: INFO :: Пользователь suppleadmagnet попал в бота без привязки к аккаунту
2024-09-19 21:57:16,738 :: hello_bot :: get_start:17 :: INFO :: Пользователь suppleadmagnet попал в бота с привязанным аккаунтом
2024-09-19 22:14:59,914 :: hello_bot :: <module>:24 :: INFO :: Бот начал работу
2024-09-19 22:15:07,873 :: hello_bot :: get_start:49 :: INFO :: Пользователь suppleadmagnet попал в бота без привязки к аккаунту
2024-09-19 22:15:20,164 :: hello_bot :: get_start:18 :: INFO :: Пользователь suppleadmagnet попал в бота с привязанным аккаунтом
2024-09-19 22:15:31,079 :: hello_bot :: get_start:45 :: INFO :: Пользователь suppleadmagnet попал в бота без привязки к аккаунту
2024-09-19 22:15:33,165 :: hello_bot :: get_start:45 :: INFO :: Пользователь suppleadmagnet попал в бота без привязки к аккаунту
2024-09-19 22:15:34,403 :: hello_bot :: get_start:45 :: INFO :: Пользователь suppleadmagnet попал в бота без привязки к аккаунту
2024-09-19 22:18:43,990 :: hello_bot :: <module>:24 :: INFO :: Бот начал работу
2024-09-19 22:18:49,551 :: hello_bot :: get_start:45 :: INFO :: Пользователь suppleadmagnet попал в бота без привязки к аккаунту
2024-09-19 22:18:54,452 :: hello_bot :: get_start:49 :: INFO :: Пользователь suppleadmagnet попал в бота без привязки к аккаунту
2024-09-19 22:19:02,984 :: hello_bot :: <module>:24 :: INFO :: Бот начал работу
2024-09-19 22:19:10,422 :: hello_bot :: get_start:18 :: INFO :: Пользователь suppleadmagnet попал в бота с привязанным аккаунтом
2024-09-19 22:26:49,624 :: hello_bot :: <module>:24 :: INFO :: Бот начал работу
2024-09-19 22:26:54,804 :: hello_bot :: get_start:43 :: INFO :: Пользователь suppleadmagnet впервые попал в бота
2024-09-19 22:31:27,955 :: hello_bot :: <module>:24 :: INFO :: Бот начал работу
2024-09-19 22:31:32,126 :: hello_bot :: get_start:61 :: INFO :: Пользователь suppleadmagnet попал в бота без привязки к аккаунту
2024-09-19 22:32:20,807 :: hello_bot :: get_start:61 :: INFO :: Пользователь suppleadmagnet попал в бота без привязки к аккаунту
2024-09-19 22:32:29,989 :: hello_bot :: <module>:24 :: INFO :: Бот начал работу
2024-09-19 22:32:31,732 :: hello_bot :: get_start:61 :: INFO :: Пользователь suppleadmagnet попал в бота без привязки к аккаунту
2024-09-19 22:50:15,783 :: hello_bot :: <module>:24 :: INFO :: Бот начал работу
2024-09-19 22:50:23,934 :: hello_bot :: get_start:68 :: INFO :: Пользователь suppleadmagnet попал в бота без привязки к аккаунту
2024-09-19 23:11:55,155 :: hello_bot :: <module>:24 :: INFO :: Бот начал работу
2024-09-19 23:12:05,073 :: hello_bot :: get_start:66 :: INFO :: Пользователь suppleadmagnet попал в бота без привязки к аккаунту
2024-09-19 23:13:32,700 :: hello_bot :: get_start:31 :: INFO :: Пользователь suppleadmagnet попал в бота с привязанным аккаунтом
2024-09-19 23:14:59,982 :: hello_bot :: get_start:46 :: INFO :: Пользователь suppleadmagnet впервые попал в бота
2024-09-19 23:16:11,389 :: hello_bot :: <module>:24 :: INFO :: Бот начал работу
2024-09-19 23:16:14,625 :: hello_bot :: get_start:66 :: INFO :: Пользователь suppleadmagnet попал в бота без привязки к аккаунту
2024-09-19 23:17:04,209 :: hello_bot :: get_start:66 :: INFO :: Пользователь suppleadmagnet попал в бота без привязки к аккаунту
2024-09-19 23:17:09,757 :: hello_bot :: <module>:24 :: INFO :: Бот начал работу
2024-09-19 23:17:12,913 :: hello_bot :: get_start:66 :: INFO :: Пользователь suppleadmagnet попал в бота без привязки к аккаунту
2024-09-19 23:17:41,005 :: hello_bot :: get_start:31 :: INFO :: Пользователь suppleadmagnet попал в бота с привязанным аккаунтом
2024-09-19 23:18:07,063 :: hello_bot :: get_start:62 :: INFO :: Пользователь suppleadmagnet попал в бота c невалидным id аккаунта
2024-09-19 23:18:10,679 :: hello_bot :: get_start:62 :: INFO :: Пользователь suppleadmagnet попал в бота c невалидным id аккаунта
2024-09-19 23:20:25,507 :: hello_bot :: <module>:24 :: INFO :: Бот начал работу
2024-09-19 23:23:51,794 :: hello_bot :: <module>:24 :: INFO :: Бот начал работу
2024-09-19 23:36:06,597 :: hello_bot :: <module>:26 :: INFO :: Бот начал работу
2024-09-19 23:36:19,450 :: hello_bot :: get_start:62 :: INFO :: Пользователь suppleadmagnet попал в бота c невалидным id аккаунта
2024-09-19 23:38:28,653 :: hello_bot :: get_start:62 :: INFO :: Пользователь suppleadmagnet попал в бота c невалидным id аккаунта
2024-09-19 23:40:42,061 :: hello_bot :: <module>:26 :: INFO :: Бот начал работу
2024-09-19 23:40:43,176 :: hello_bot :: get_start:63 :: INFO :: Пользователь suppleadmagnet попал в бота c невалидным id аккаунта
2024-09-19 23:41:17,377 :: hello_bot :: <module>:26 :: INFO :: Бот начал работу
2024-09-19 23:41:18,971 :: hello_bot :: get_start:64 :: INFO :: Пользователь suppleadmagnet попал в бота c невалидным id аккаунта
2024-09-19 23:42:37,014 :: hello_bot :: <module>:26 :: INFO :: Бот начал работу
2024-09-19 23:43:06,511 :: hello_bot :: get_start:32 :: INFO :: Пользователь suppleadmagnet попал в бота с привязанным аккаунтом
2024-09-19 23:44:09,810 :: hello_bot :: <module>:26 :: INFO :: Бот начал работу
2024-09-19 23:54:11,125 :: hello_bot :: <module>:26 :: INFO :: Бот начал работу
2024-09-19 23:55:31,046 :: hello_bot :: <module>:26 :: INFO :: Бот начал работу
2024-09-20 00:01:21,773 :: hello_bot :: <module>:27 :: INFO :: Бот начал работу
2024-09-20 00:02:29,178 :: hello_bot :: <module>:27 :: INFO :: Бот начал работу
2024-09-20 00:06:07,813 :: hello_bot :: <module>:28 :: INFO :: Бот начал работу
2024-09-20 00:10:38,131 :: hello_bot :: <module>:28 :: INFO :: Бот начал работу
2024-09-20 00:12:56,762 :: hello_bot :: <module>:28 :: INFO :: Бот начал работу
2024-09-20 00:18:33,887 :: hello_bot :: <module>:29 :: INFO :: Бот начал работу
2024-09-20 00:18:59,403 :: hello_bot :: <module>:29 :: INFO :: Бот начал работу
2024-09-20 00:19:52,994 :: hello_bot :: <module>:29 :: INFO :: Бот начал работу
2024-09-20 00:20:41,577 :: hello_bot :: <module>:29 :: INFO :: Бот начал работу
2024-09-20 00:22:48,694 :: hello_bot :: <module>:29 :: INFO :: Бот начал работу
2024-09-20 00:24:44,798 :: hello_bot :: <module>:29 :: INFO :: Бот начал работу
2024-09-20 00:29:00,289 :: hello_bot :: <module>:30 :: INFO :: Бот начал работу
2024-09-20 00:29:26,088 :: hello_bot :: <module>:30 :: INFO :: Бот начал работу
2024-09-20 00:30:01,610 :: hello_bot :: <module>:30 :: INFO :: Бот начал работу
2024-09-20 00:41:47,956 :: hello_bot :: <module>:30 :: INFO :: Бот начал работу
2024-09-20 00:42:01,974 :: hello_bot :: get_start:66 :: INFO :: Пользователь suppleadmagnet попал в бота с привязанным аккаунтом
2024-09-20 00:42:14,899 :: hello_bot :: get_start:71 :: INFO :: Пользователь alexxcpa попал в бота без привязки к аккаунту
2024-09-25 15:34:52,080 :: hello_bot :: <module>:28 :: INFO :: Бот начал работу
2024-09-25 15:47:41,258 :: hello_bot :: <module>:30 :: INFO :: Бот начал работу
2024-09-25 15:49:16,217 :: hello_bot :: <module>:30 :: INFO :: Бот начал работу
2024-09-25 15:49:54,120 :: hello_bot :: get_start:68 :: INFO :: Пользователь suppleadmagnet попал в бота с привязанным аккаунтом
2024-09-26 23:04:45,854 :: hello_bot :: <module>:30 :: INFO :: Бот начал работу
2024-09-26 23:12:18,016 :: hello_bot :: <module>:30 :: INFO :: Бот начал работу
2024-09-26 23:17:31,513 :: hello_bot :: get_start:41 :: INFO :: Пользователь suppleadmagnet впервые попал в бота
2024-09-26 23:18:23,421 :: hello_bot :: get_start:41 :: INFO :: Пользователь alexxcpa впервые попал в бота
2024-09-26 23:19:13,422 :: hello_bot :: <module>:30 :: INFO :: Бот начал работу
2024-09-26 23:19:28,069 :: hello_bot :: get_start:59 :: INFO :: Пользователь suppleadmagnet попал в бота c невалидным id аккаунта
2024-09-26 23:19:48,636 :: hello_bot :: get_start:59 :: INFO :: Пользователь alexxcpa попал в бота c невалидным id аккаунта
2024-09-26 23:42:35,656 :: hello_bot :: <module>:30 :: INFO :: Бот начал работу
2024-09-26 23:42:46,366 :: hello_bot :: <module>:30 :: INFO :: Бот начал работу
2024-09-26 23:42:54,758 :: hello_bot :: get_start:42 :: INFO :: Пользователь suppleadmagnet попал в бота c чужим id
2024-09-26 23:47:02,238 :: hello_bot :: <module>:30 :: INFO :: Бот начал работу
2024-09-26 23:47:07,667 :: hello_bot :: get_start:45 :: INFO :: Пользователь suppleadmagnet впервые попал в бота
2024-09-26 23:47:25,239 :: hello_bot :: get_start:42 :: INFO :: Пользователь alexxcpa попал в бота c чужим id
2024-09-26 23:49:24,036 :: hello_bot :: get_start:33 :: INFO :: Пользователь suppleadmagnet попал в бота с привязанным аккаунтом
2024-09-26 23:50:00,130 :: hello_bot :: get_start:42 :: INFO :: Пользователь alexxcpa попал в бота c чужим id
2024-09-26 23:50:22,170 :: hello_bot :: get_start:36 :: INFO :: Пользователь suppleadmagnet попал в бота c чужим id
2024-09-26 23:50:45,232 :: hello_bot :: get_start:45 :: INFO :: Пользователь alexxcpa впервые попал в бота
